<?xml version="1.0" encoding="UTF-8"?>
<!-- Generated by org.testng.reporters.JUnitXMLReporter -->
<testsuite hostname="BNGLT-9V9P882" ignored="0" name="STP Test Cases in Maven" tests="4" failures="0" timestamp="22 Apr 2019 10:11:25 GMT" time="0.182" errors="0">
  <testcase name="testMethod1" time="0.044" classname="com.qa.practices.TestCase1"/>
  <testcase name="testMethod1" time="0.005" classname="com.qa.practices.TestCase1"/>
  <testcase name="testMethod2" time="0.004" classname="com.qa.practices.TestCase1"/>
  <testcase name="testMethod2" time="0.003" classname="com.qa.practices.TestCase1"/>
</testsuite> <!-- STP Test Cases in Maven -->
